# JRE version: OpenJDK Runtime Environment (7.0_51) (build 1.7.0_51-b00)
# Java VM: OpenJDK Server VM (24.45-b08 mixed mode linux-x86 )
Heap
 PSYoungGen      total 225024K, used 12338K [0x9ddc0000, 0xadec0000, 0xb3340000)
  eden space 211968K, 0% used [0x9ddc0000,0x9ddc0000,0xaacc0000)
  from space 13056K, 94% used [0xaacc0000,0xab8cc8f8,0xab980000)
  to   space 12544K, 0% used [0xab980000,0xab980000,0xac5c0000)
 ParOldGen       total 48384K, used 30082K [0x73340000, 0x76280000, 0x9ddc0000)
  object space 48384K, 62% used [0x73340000,0x750a0990,0x76280000)
 PSPermGen       total 16384K, used 5122K [0x6b340000, 0x6c340000, 0x73340000)
  object space 16384K, 31% used [0x6b340000,0x6b840968,0x6c340000)
GC Heap History (10 events):
Event: 12.233 GC heap after
Heap after GC invocations=9 (full 0):
 PSYoungGen      total 107520K, used 5352K [0x9ddc0000, 0xa8940000, 0xb3340000)
  eden space 97536K, 0% used [0x9ddc0000,0x9ddc0000,0xa3d00000)
  from space 9984K, 53% used [0xa3d00000,0xa423a3d8,0xa46c0000)
  to   space 9728K, 0% used [0xa7fc0000,0xa7fc0000,0xa8940000)
 ParOldGen       total 32256K, used 22518K [0x73340000, 0x752c0000, 0x9ddc0000)
  object space 32256K, 69% used [0x73340000,0x7493d840,0x752c0000)
 PSPermGen       total 16384K, used 5115K [0x6b340000, 0x6c340000, 0x73340000)
  object space 16384K, 31% used [0x6b340000,0x6b83ef98,0x6c340000)
}
Event: 12.728 GC heap before
{Heap before GC invocations=10 (full 0):
 PSYoungGen      total 107520K, used 102888K [0x9ddc0000, 0xa8940000, 0xb3340000)
  eden space 97536K, 100% used [0x9ddc0000,0xa3d00000,0xa3d00000)
  from space 9984K, 53% used [0xa3d00000,0xa423a3d8,0xa46c0000)
  to   space 9728K, 0% used [0xa7fc0000,0xa7fc0000,0xa8940000)
 ParOldGen       total 32256K, used 22518K [0x73340000, 0x752c0000, 0x9ddc0000)
  object space 32256K, 69% used [0x73340000,0x7493d840,0x752c0000)
 PSPermGen       total 16384K, used 5119K [0x6b340000, 0x6c340000, 0x73340000)
  object space 16384K, 31% used [0x6b340000,0x6b83ffe0,0x6c340000)
Event: 12.747 GC heap after
Heap after GC invocations=10 (full 0):
 PSYoungGen      total 162816K, used 9718K [0x9ddc0000, 0xa8f40000, 0xb3340000)
  eden space 153088K, 0% used [0x9ddc0000,0x9ddc0000,0xa7340000)
  from space 9728K, 99% used [0xa7fc0000,0xa893db70,0xa8940000)
  to   space 12800K, 0% used [0xa7340000,0xa7340000,0xa7fc0000)
 ParOldGen       total 32256K, used 28168K [0x73340000, 0x752c0000, 0x9ddc0000)
  object space 32256K, 87% used [0x73340000,0x74ec2098,0x752c0000)
 PSPermGen       total 16384K, used 5119K [0x6b340000, 0x6c340000, 0x73340000)
  object space 16384K, 31% used [0x6b340000,0x6b83ffe0,0x6c340000)
}
Event: 12.792 GC heap before
{Heap before GC invocations=11 (full 1):
 PSYoungGen      total 162816K, used 9718K [0x9ddc0000, 0xa8f40000, 0xb3340000)
  eden space 153088K, 0% used [0x9ddc0000,0x9ddc0000,0xa7340000)
  from space 9728K, 99% used [0xa7fc0000,0xa893db70,0xa8940000)
  to   space 12800K, 0% used [0xa7340000,0xa7340000,0xa7fc0000)
 ParOldGen       total 32256K, used 28168K [0x73340000, 0x752c0000, 0x9ddc0000)
  object space 32256K, 87% used [0x73340000,0x74ec2098,0x752c0000)
 PSPermGen       total 16384K, used 5119K [0x6b340000, 0x6c340000, 0x73340000)
  object space 16384K, 31% used [0x6b340000,0x6b83ffe0,0x6c340000)
Event: 12.997 GC heap after
Heap after GC invocations=11 (full 1):
 PSYoungGen      total 162816K, used 0K [0x9ddc0000, 0xa8f40000, 0xb3340000)
  eden space 153088K, 0% used [0x9ddc0000,0x9ddc0000,0xa7340000)
  from space 9728K, 0% used [0xa7fc0000,0xa7fc0000,0xa8940000)
  to   space 12800K, 0% used [0xa7340000,0xa7340000,0xa7fc0000)
 ParOldGen       total 48384K, used 25476K [0x73340000, 0x76280000, 0x9ddc0000)
  object space 48384K, 52% used [0x73340000,0x74c21100,0x76280000)
 PSPermGen       total 16384K, used 5117K [0x6b340000, 0x6c340000, 0x73340000)
  object space 16384K, 31% used [0x6b340000,0x6b83f548,0x6c340000)
}
Event: 13.565 GC heap before
{Heap before GC invocations=12 (full 1):
 PSYoungGen      total 162816K, used 153088K [0x9ddc0000, 0xa8f40000, 0xb3340000)
  eden space 153088K, 100% used [0x9ddc0000,0xa7340000,0xa7340000)
  from space 9728K, 0% used [0xa7fc0000,0xa7fc0000,0xa8940000)
  to   space 12800K, 0% used [0xa7340000,0xa7340000,0xa7fc0000)
 ParOldGen       total 48384K, used 25476K [0x73340000, 0x76280000, 0x9ddc0000)
  object space 48384K, 52% used [0x73340000,0x74c21100,0x76280000)
 PSPermGen       total 16384K, used 5118K [0x6b340000, 0x6c340000, 0x73340000)
  object space 16384K, 31% used [0x6b340000,0x6b83fad8,0x6c340000)
Event: 13.576 GC heap after
Heap after GC invocations=12 (full 1):
 PSYoungGen      total 165888K, used 7684K [0x9ddc0000, 0xac5c0000, 0xb3340000)
  eden space 153088K, 0% used [0x9ddc0000,0x9ddc0000,0xa7340000)
  from space 12800K, 60% used [0xa7340000,0xa7ac1300,0xa7fc0000)
  to   space 12544K, 0% used [0xab980000,0xab980000,0xac5c0000)
 ParOldGen       total 48384K, used 25476K [0x73340000, 0x76280000, 0x9ddc0000)
  object space 48384K, 52% used [0x73340000,0x74c21100,0x76280000)
 PSPermGen       total 16384K, used 5118K [0x6b340000, 0x6c340000, 0x73340000)
  object space 16384K, 31% used [0x6b340000,0x6b83fad8,0x6c340000)
}
Event: 14.108 GC heap before
{Heap before GC invocations=13 (full 1):
 PSYoungGen      total 165888K, used 160772K [0x9ddc0000, 0xac5c0000, 0xb3340000)
  eden space 153088K, 100% used [0x9ddc0000,0xa7340000,0xa7340000)
  from space 12800K, 60% used [0xa7340000,0xa7ac1300,0xa7fc0000)
  to   space 12544K, 0% used [0xab980000,0xab980000,0xac5c0000)
 ParOldGen       total 48384K, used 25476K [0x73340000, 0x76280000, 0x9ddc0000)
  object space 48384K, 52% used [0x73340000,0x74c21100,0x76280000)
 PSPermGen       total 16384K, used 5121K [0x6b340000, 0x6c340000, 0x73340000)
  object space 16384K, 31% used [0x6b340000,0x6b8407e8,0x6c340000)
Event: 14.853 GC heap after
Heap after GC invocations=13 (full 1):
 PSYoungGen      total 224512K, used 9875K [0x9ddc0000, 0xadec0000, 0xb3340000)
  eden space 211968K, 0% used [0x9ddc0000,0x9ddc0000,0xaacc0000)
  from space 12544K, 78% used [0xab980000,0xac324e98,0xac5c0000)
  to   space 13056K, 0% used [0xaacc0000,0xaacc0000,0xab980000)
 ParOldGen       total 48384K, used 30082K [0x73340000, 0x76280000, 0x9ddc0000)
  object space 48384K, 62% used [0x73340000,0x750a0990,0x76280000)
 PSPermGen       total 16384K, used 5121K [0x6b340000, 0x6c340000, 0x73340000)
  object space 16384K, 31% used [0x6b340000,0x6b8407e8,0x6c340000)
}
Event: 20.274 GC heap before
{Heap before GC invocations=14 (full 1):
 PSYoungGen      total 224512K, used 221843K [0x9ddc0000, 0xadec0000, 0xb3340000)
  eden space 211968K, 100% used [0x9ddc0000,0xaacc0000,0xaacc0000)
  from space 12544K, 78% used [0xab980000,0xac324e98,0xac5c0000)
  to   space 13056K, 0% used [0xaacc0000,0xaacc0000,0xab980000)
 ParOldGen       total 48384K, used 30082K [0x73340000, 0x76280000, 0x9ddc0000)
  object space 48384K, 62% used [0x73340000,0x750a0990,0x76280000)
 PSPermGen       total 16384K, used 5122K [0x6b340000, 0x6c340000, 0x73340000)
  object space 16384K, 31% used [0x6b340000,0x6b840968,0x6c340000)

